app/app/build/intermediates/manifest_merge_blame_file/debug/manifest-merger-blame-debug-report.txt
1<?xml version="1.0" encoding="utf-8"?>
2<manifest xmlns:android="http://schemas.android.com/apk/res/android"
3    package="com.gb.base_1728_lesson_4"
4    android:versionCode="1"
5    android:versionName="1.0" >
6
7    <uses-sdk
8        android:minSdkVersion="24"
8-->src\main\AndroidManifest.xml
9        android:targetSdkVersion="31" />
9-->src\main\AndroidManifest.xml
10
11    <application
11-->src\main\AndroidManifest.xml:5:5-59:19
12        android:name="com.gb.base_1728_lesson_4.MyApp"
12-->src\main\AndroidManifest.xml:6:9-30
13        android:allowBackup="true"
13-->src\main\AndroidManifest.xml:7:9-35
14        android:appComponentFactory="androidx.core.app.CoreComponentFactory"
14-->[androidx.core:core:1.7.0] AndroidManifest.xml:24:18-86
15        android:debuggable="true"
16        android:extractNativeLibs="false"
17        android:icon="@mipmap/ic_launcher"
17-->src\main\AndroidManifest.xml:8:9-43
18        android:label="@string/app_name"
18-->src\main\AndroidManifest.xml:9:9-41
19        android:roundIcon="@mipmap/ic_launcher_round"
19-->src\main\AndroidManifest.xml:10:9-54
20        android:supportsRtl="true"
20-->src\main\AndroidManifest.xml:11:9-35
21        android:testOnly="true"
22        android:theme="@style/myThemeDefault" >
22-->src\main\AndroidManifest.xml:12:9-46
23        <activity
23-->src\main\AndroidManifest.xml:14:9-22:20
24            android:name="com.gb.base_1728_lesson_6.MyFragmentsActivity"
24-->src\main\AndroidManifest.xml:15:13-73
25            android:exported="true" >
25-->src\main\AndroidManifest.xml:16:13-36
26            <intent-filter>
26-->src\main\AndroidManifest.xml:17:13-21:29
27                <action android:name="android.intent.action.MAIN" />
27-->src\main\AndroidManifest.xml:18:17-69
27-->src\main\AndroidManifest.xml:18:25-66
28
29                <category android:name="android.intent.category.LAUNCHER" />
29-->src\main\AndroidManifest.xml:20:17-77
29-->src\main\AndroidManifest.xml:20:27-74
30            </intent-filter>
31        </activity>
32        <activity
32-->src\main\AndroidManifest.xml:23:9-25:48
33            android:name="com.gb.base_1728_lesson_4.MainActivity"
33-->src\main\AndroidManifest.xml:24:13-41
34            android:exported="true" />
34-->src\main\AndroidManifest.xml:25:13-36
35        <activity
35-->src\main\AndroidManifest.xml:26:9-29:20
36            android:name="com.gb.base_1728_lesson_4.SecondActivity"
36-->src\main\AndroidManifest.xml:27:13-43
37            android:exported="true" >
37-->src\main\AndroidManifest.xml:28:13-36
38        </activity>
39        <activity
39-->src\main\AndroidManifest.xml:30:9-54:20
40            android:name="com.gb.base_1728_lesson_4.InterceptActivity"
40-->src\main\AndroidManifest.xml:31:13-46
41            android:exported="true"
41-->src\main\AndroidManifest.xml:32:13-36
42            android:label="Gmail" >
42-->src\main\AndroidManifest.xml:33:13-34
43            <intent-filter>
43-->src\main\AndroidManifest.xml:34:13-41:29
44                <action android:name="android.intent.action.VIEW" />
44-->src\main\AndroidManifest.xml:35:17-69
44-->src\main\AndroidManifest.xml:35:25-66
45                <action android:name="android.intent.action.SENDTO" />
45-->src\main\AndroidManifest.xml:36:17-71
45-->src\main\AndroidManifest.xml:36:25-68
46
47                <data android:scheme="mailto" />
47-->src\main\AndroidManifest.xml:38:17-49
47-->src\main\AndroidManifest.xml:38:23-46
48
49                <category android:name="android.intent.category.DEFAULT" />
49-->src\main\AndroidManifest.xml:40:17-76
49-->src\main\AndroidManifest.xml:40:27-73
50            </intent-filter>
51            <intent-filter>
51-->src\main\AndroidManifest.xml:42:13-48:29
52                <action android:name="android.intent.action.SEND" />
52-->src\main\AndroidManifest.xml:43:17-69
52-->src\main\AndroidManifest.xml:43:25-66
53
54                <data android:mimeType="image/*" />
54-->src\main\AndroidManifest.xml:38:17-49
54-->src\main\AndroidManifest.xml:45:23-49
55
56                <category android:name="android.intent.category.DEFAULT" />
56-->src\main\AndroidManifest.xml:40:17-76
56-->src\main\AndroidManifest.xml:40:27-73
57            </intent-filter>
58            <intent-filter>
58-->src\main\AndroidManifest.xml:49:13-53:29
59                <action android:name="myAction" />
59-->src\main\AndroidManifest.xml:50:17-51
59-->src\main\AndroidManifest.xml:50:25-48
60
61                <category android:name="android.intent.category.DEFAULT" />
61-->src\main\AndroidManifest.xml:40:17-76
61-->src\main\AndroidManifest.xml:40:27-73
62            </intent-filter>
63        </activity>
64
65        <meta-data
65-->src\main\AndroidManifest.xml:56:9-58:57
66            android:name="preloaded_fonts"
66-->src\main\AndroidManifest.xml:57:13-43
67            android:resource="@array/preloaded_fonts" />
67-->src\main\AndroidManifest.xml:58:13-54
68
69        <provider
69-->[androidx.emoji2:emoji2:1.0.0] AndroidManifest.xml:26:9-34:20
70            android:name="androidx.startup.InitializationProvider"
70-->[androidx.emoji2:emoji2:1.0.0] AndroidManifest.xml:27:13-67
71            android:authorities="com.gb.base_1728_lesson_4.androidx-startup"
71-->[androidx.emoji2:emoji2:1.0.0] AndroidManifest.xml:28:13-68
72            android:exported="false" >
72-->[androidx.emoji2:emoji2:1.0.0] AndroidManifest.xml:29:13-37
73            <meta-data
73-->[androidx.emoji2:emoji2:1.0.0] AndroidManifest.xml:31:13-33:52
74                android:name="androidx.emoji2.text.EmojiCompatInitializer"
74-->[androidx.emoji2:emoji2:1.0.0] AndroidManifest.xml:32:17-75
75                android:value="androidx.startup" />
75-->[androidx.emoji2:emoji2:1.0.0] AndroidManifest.xml:33:17-49
76            <meta-data
76-->[androidx.lifecycle:lifecycle-process:2.4.0] AndroidManifest.xml:31:13-33:52
77                android:name="androidx.lifecycle.ProcessLifecycleInitializer"
77-->[androidx.lifecycle:lifecycle-process:2.4.0] AndroidManifest.xml:32:17-78
78                android:value="androidx.startup" />
78-->[androidx.lifecycle:lifecycle-process:2.4.0] AndroidManifest.xml:33:17-49
79        </provider>
80    </application>
81
82</manifest>